<?xml version="1.0" encoding="UTF-8"?>
<!-- Generated by org.testng.reporters.JUnitReportReporter -->
<testsuite skipped="0" hostname="DESKTOP-B62CJPR" name="com.freecrm.qa.tests.ContactsPageTest" tests="2" failures="0" timestamp="04 Jun 2019 19:59:53 GMT" time="103.025" errors="0">
  <testcase name="contactsHeader" time="49.930" classname="com.freecrm.qa.tests.ContactsPageTest"/>
  <testcase name="emailHeader" time="53.095" classname="com.freecrm.qa.tests.ContactsPageTest"/>
</testsuite> <!-- com.freecrm.qa.tests.ContactsPageTest -->
