<?xml version="1.0" encoding="UTF-8"?>
<!-- Generated by org.testng.reporters.JUnitReportReporter -->
<testsuite skipped="0" hostname="DESKTOP-B62CJPR" name="com.freecrm.qa.tests.HomePageTest" tests="3" failures="0" timestamp="04 Jun 2019 19:59:53 GMT" time="77.985" errors="0">
  <testcase name="validateUsername" time="24.779" classname="com.freecrm.qa.tests.HomePageTest"/>
  <testcase name="validatePageTitle" time="28.468" classname="com.freecrm.qa.tests.HomePageTest"/>
  <testcase name="validateLogo" time="24.738" classname="com.freecrm.qa.tests.HomePageTest"/>
</testsuite> <!-- com.freecrm.qa.tests.HomePageTest -->
