<?xml version="1.0" encoding="UTF-8"?>
<!-- Generated by org.testng.reporters.JUnitReportReporter -->
<testsuite skipped="0" hostname="DESKTOP-B62CJPR" name="com.freecrm.qa.tests.LoginPageTest" tests="2" failures="0" timestamp="04 Jun 2019 19:59:53 GMT" time="60.610" errors="0">
  <testcase name="ValidatePageTitle" time="17.330" classname="com.freecrm.qa.tests.LoginPageTest"/>
  <testcase name="login" time="43.280" classname="com.freecrm.qa.tests.LoginPageTest"/>
</testsuite> <!-- com.freecrm.qa.tests.LoginPageTest -->
